<?xml version="1.0" encoding="UTF-8"?>
<!-- Generated by org.testng.reporters.JUnitReportReporter -->
<testsuite skipped="0" hostname="LSTKMY200983" name="tsd.TSD_SetupFrameworkVerify" tests="1" failures="0" timestamp="23 Oct 2019 19:41:36 GMT" time="5.713" errors="0">
  <testcase name="prueba_farmework" time="5.713" classname="tsd.TSD_SetupFrameworkVerify"/>
</testsuite> <!-- tsd.TSD_SetupFrameworkVerify -->
