<?xml version="1.0" encoding="UTF-8"?>
<!-- Generated by org.testng.reporters.JUnitReportReporter -->
<testsuite skipped="0" hostname="LSTKMY200983" name="tsd.TSD_SetupFrameworkVerify" tests="1" failures="0" timestamp="22 Oct 2019 22:17:37 GMT" time="0.436" errors="0">
  <testcase name="prueba_farmework" time="0.436" classname="tsd.TSD_SetupFrameworkVerify"/>
</testsuite> <!-- tsd.TSD_SetupFrameworkVerify -->
